
WEC-Sim Input From Standard wecSimInputFile.m Of Case Directory... 
WEC-Sim: An open-source code for simulating wave energy converters
Version: 5.0

Initializing the Simulation Class...
	Case Dir: C:\Users\shusain\Documents\GitHub\seedling_ChopWave_Cases\multiscale_runs_RM3 
Elapsed time is 8.893278 seconds.

WEC-Sim Pre-processing ...   
Elapsed time is 1.037553 seconds.

WEC-Sim Simulation Settings:
	Start Time                     (sec) = 0
	End Time                       (sec) = 500
	Time Step Size                 (sec) = 0.05
	Ramp Function Time             (sec) = 10
	Convolution Integral Interval  (sec) = 20
	 Number of Time Steps     = 10000 

Wave Environment: 
	Wave Type                            = Irregular Waves (Arbitrary Random Phase)
	Spectrum Type                        = Pierson-Moskowitz  
	Significant Wave Height, Hs      (m) = 1E-50
	Peak Wave Period, Tp           (sec) = 32

List of Body: Number of Bodies = 2 

	***** Body Number 1, Name: float_p5 *****
	Body CG                          (m) = [0,0,-0.36]
	Body Mass                       (kg) = 90729.2 
	Body Diagonal MOI              (kgm2)= [614441,614441,1.18602E+06]

	***** Body Number 2, Name: spar_p5 *****
	Body CG                          (m) = [0,0,-10.645]
	Body Mass                       (kg) = 110836 
	Body Diagonal MOI              (kgm2)= [3.36085E+06,3.36085E+06,371555]

List of PTO(s): Number of PTOs = 1 

	***** PTO Name: PTO1 *****
	PTO Stiffness           (N/m;Nm/rad) = 5000
	PTO Damping           (Ns/m;Nsm/rad) = 50000

List of Constraint(s): Number of Constraints = 1 

	***** Constraint Name: Constraint1 *****


Simulating the WEC device defined in the SimMechanics model C:\Users\shusain\Documents\GitHub\seedling_ChopWave_Cases\multiscale_runs_RM3\RM3.slx...   
Elapsed time is 0.120694 seconds.
Elapsed time is 50.075671 seconds.

Post-processing and saving...   
Elapsed time is 1.294369 seconds.
